Design parameters:
------------------
t - (v,m,k,l) = 2 - (16,2,4,2)
b = 40

Optimization parameters:
------------------------
TestCount     = 5
CoolingFactor = 0.9990
InitProb      = 0.50
frozen        = 999
RestrNeighbor = 0
LFact         = 2.50
EndLimit      = 0
local         = 0
apprexp       = 0
OntheFly      = 0
Pack          = 0
log           = 16-4-2-40.log
result        = 16-4-2-40.txt
SolX          = 0
verbose       = 2
MemoryLimit   = 0
check         = 1


Runs:
-----
cost          = 3
cost          = 0

Statistics:
-----------
bestCost      = 0
CPU-time      = 4.86
costStandardDeviation = 1.342
