Design parameters:
------------------
t - (v,m,k,l) = 3 - (10,4,5,1)
b = 7

Optimization parameters:
------------------------
TestCount     = 1
CoolingFactor = 0.9900
InitProb      = 0.50
frozen        = 10
RestrNeighbor = 0
LFact         = 1.00
EndLimit      = 0
local         = 0
exhaustive    = 0
PDO-Search    = 1
apprexp       = 0
OntheFly      = 0
Pack          = 0
log           = cover.log
result        = cover.res
SolX          = 0
verbose       = 2
MemoryLimit   = 0
check         = 1


Runs:
-----
cost          = 0

Statistics:
-----------
bestCost      = 0
CPU-time      = 0.00
