Design parameters:
------------------
t - (v,m,k,l) = 3 - (11,3,4,1)
b = 50

Optimization parameters:
------------------------
EndLimit      = 0
FinalB        = 40
PDO-Search    = 1
PDO-K         = 0
PDO-J         = 2
PDO-Print     = 2
PDO-Print-Freq= 50
PDO-Max-JDF   = 5000000
greedyStart   = 0
startFromFile = 0
OntheFly      = 0
Packing       = 0
SolX          = 0
MemoryLimit   = 0
check         = 1


Runs:
-----
cost          = 0
cost          = 0
cost          = 0
cost          = 0
