Design parameters:
------------------
t - (v,m,k,l) = 3 - (15,4,5,1)
b = 24

Optimization parameters:
------------------------
EndLimit      = 0
PDO-Search    = 1
PDO-K         = 0
PDO-J         = 2
PDO-Print     = 2
PDO-Print-Freq= 50
PDO-Max-JDF   = 5000000
greedyStart   = 0
startFromFile = 0
OntheFly      = 0
Packing       = 0
SolX          = 0
MemoryLimit   = 0
check         = 1


Runs:
-----
cost          = 0

Statistics:
-----------
bestCost      = 0
CPU-time      = 0.00
