Design parameters:
------------------
t - (v,m,k,l) = 4 - (16,4,6,1)
b = 112

Optimization parameters:
------------------------
TestCount     = 1
CoolingFactor = 0.9900
InitProb      = 0.50
frozen        = 10
RestrNeighbor = 0
LFact         = 1.00
EndLimit      = 0
local         = 0
exhaustive    = 0
PDO-Search    = 1
PDO-K         = 10
PDO-J         = 2
PDO-Print     = 2
PDO-Print-Freq= 1
PDO-Max-JDF   = 5000000
apprexp       = 0
OntheFly      = 0
Pack          = 1
SolX          = 0
verbose       = 2
MemoryLimit   = 0
check         = 1


Runs:
-----
cost          = 0

Statistics:
-----------
bestCost      = 0
CPU-time      = 0.52
