Design parameters:
------------------
t - (v,m,k,l) = 2 - (5,2,4,1)
b = 2

Optimization parameters:
------------------------
TestCount     = 1
CoolingFactor = 0.9900
InitProb      = 0.50
frozen        = 10
RestrNeighbor = 0
LFact         = 1.00
EndLimit      = 0
local         = 0
exhaustive    = 0
PDO-Search    = 1
PDO-K         = 10
PDO-J         = 2
PDO-Print     = 0
PDO-Print-Freq= 1
apprexp       = 0
OntheFly      = 0
Pack          = 0
SolX          = 0
verbose       = 2
MemoryLimit   = 0
check         = 1

